todo/build/intermediates/manifest_merge_blame_file/debug/manifest-merger-blame-debug-report.txt
1<?xml version="1.0" encoding="utf-8"?>
2<manifest xmlns:android="http://schemas.android.com/apk/res/android"
3    xmlns:dist="http://schemas.android.com/apk/distribution"
4    xmlns:tools="http://schemas.android.com/tools"
5    package="com.shijingfeng.todo"
6    android:versionCode="1"
7    android:versionName="1.0.0" >
8
9    <uses-sdk
10        android:minSdkVersion="21"
10-->manifest\library\AndroidManifest.xml
11        android:targetSdkVersion="29" />
11-->manifest\library\AndroidManifest.xml
12
13    <dist:module dist:instant="true" />
13-->manifest\library\AndroidManifest.xml:6:5-40
13-->manifest\library\AndroidManifest.xml:6:18-37
14
15    <!--
16    allowBackup: 是否开启应用备份功能(有安全漏洞，建议关闭) (true<默认>: 开启  false: 关闭)
17    supportsRtl: true: Api17及以上使用系统设置的方向 RTL 或 LTR  false<默认>: 使用从左到右的方向(LTR)
18    hardwareAccelerated: true: 开启硬件加速(使用GPU解码)  false<默认>: 关闭硬件加速(使用CPU解码)
19    hasFragileUserData: 卸载APP时 是否保留 用户外部私有目录数据 (true: 保留  false<默认>: 不保留)
20    networkSecurityConfig: Android 10 (API 29)以上默认仅支持 HTTPS 链接, 所以要想使用 HTTP 则需要此配置
21    requestLegacyExternalStorage: 设置外部存储访问模式, 分为 Filtered View(默认) 和 Legacy View, Filtered View模式规定只能自由访问外部存储 APP 私有目录, 访问其他目录需要 MediaStore 或 SAF, Legacy View模式兼容以前版本, 无限制, 参考 https://mp.weixin.qq.com/s/aiDMyAfAZvaYIHuIMLAlcg
22    -->
23    <application
23-->manifest\library\AndroidManifest.xml:16:5-34:19
24        android:allowBackup="false"
24-->manifest\library\AndroidManifest.xml:17:9-36
25        android:hardwareAccelerated="true"
25-->manifest\library\AndroidManifest.xml:19:9-43
26        android:hasFragileUserData="true"
26-->manifest\library\AndroidManifest.xml:20:9-42
27        android:networkSecurityConfig="@xml/network_security_config"
27-->manifest\library\AndroidManifest.xml:21:9-69
28        android:supportsRtl="true"
28-->manifest\library\AndroidManifest.xml:18:9-35
29        tools:ignore="GoogleAppIndexingWarning,UnusedAttribute" >
29-->manifest\library\AndroidManifest.xml:22:9-64
30
31        <!-- 主页 -->
32        <activity
32-->manifest\library\AndroidManifest.xml:25:9-26:46
33            android:name="com.shijingfeng.todo.ui.activity.MainActivity"
33-->manifest\library\AndroidManifest.xml:25:19-59
34            android:launchMode="singleTask" />
34-->manifest\library\AndroidManifest.xml:26:13-44
35        <!-- 添加 待办事项 Activity -->
36        <activity android:name="com.shijingfeng.todo.ui.activity.AddTodoActivity" />
36-->manifest\library\AndroidManifest.xml:28:9-65
36-->manifest\library\AndroidManifest.xml:28:19-62
37        <!-- 更新 待办事项 Activity -->
38        <activity android:name="com.shijingfeng.todo.ui.activity.UpdateTodoActivity" />
38-->manifest\library\AndroidManifest.xml:30:9-68
38-->manifest\library\AndroidManifest.xml:30:19-65
39        <!-- 查看 待办事项 Activity -->
40        <activity android:name="com.shijingfeng.todo.ui.activity.ViewTodoActivity" />
40-->manifest\library\AndroidManifest.xml:32:9-66
40-->manifest\library\AndroidManifest.xml:32:19-63
41    </application>
42
43</manifest>